0 info it worked if it ends with ok
1 verbose cli [ 'C:\\Program Files\\nodejs\\node.exe',
1 verbose cli   'C:\\Program Files\\nodejs\\node_modules\\npm\\bin\\npm-cli.js',
1 verbose cli   'run',
1 verbose cli   'build' ]
2 info using npm@3.10.10
3 info using node@v6.10.3
4 verbose run-script [ 'prebuild', 'build', 'postbuild' ]
5 info lifecycle web-minesweeping@1.0.0~prebuild: web-minesweeping@1.0.0
6 silly lifecycle web-minesweeping@1.0.0~prebuild: no script for prebuild, continuing
7 info lifecycle web-minesweeping@1.0.0~build: web-minesweeping@1.0.0
8 verbose lifecycle web-minesweeping@1.0.0~build: unsafe-perm in lifecycle true
9 verbose lifecycle web-minesweeping@1.0.0~build: PATH: C:\Program Files\nodejs\node_modules\npm\bin\node-gyp-bin;D:\font-end\web-minesweeping\node_modules\.bin;C:\Users\tsq\bin;D:\software\Git\mingw64\bin;D:\software\Git\usr\local\bin;D:\software\Git\usr\bin;D:\software\Git\usr\bin;D:\software\Git\mingw64\bin;D:\software\Git\usr\bin;C:\Users\tsq\bin;C:\Python27;C:\Python27\Scripts;C:\ProgramData\Oracle\Java\javapath;C:\Program Files (x86)\Intel\iCLS Client;C:\Program Files\Intel\iCLS Client;C:\WINDOWS\system32;C:\WINDOWS;C:\WINDOWS\System32\Wbem;C:\WINDOWS\System32\WindowsPowerShell\v1.0;C:\Program Files (x86)\Intel\Intel(R) Management Engine Components\DAL;C:\Program Files\Intel\Intel(R) Management Engine Components\DAL;C:\Program Files (x86)\Intel\Intel(R) Management Engine Components\IPT;C:\Program Files\Intel\Intel(R) Management Engine Components\IPT;D:\software\matlab2013a\runtime\win64;D:\software\matlab2013a\bin;C:\Program Files (x86)\QuickTime\QTSystem;C:\Program Files\Intel\WiFi\bin;C:\Program Files\Common Files\Intel\WirelessCommon;C:\Program Files\nodejs;D:\software\Git\cmd;D:\software\calibre;C:\Ruby24-x64\bin;C:\Users\tsq\AppData\Local\Microsoft\WindowsApps;C:\Users\tsq\AppData\Roaming\npm;D:\software\Microsoft VS Code\bin;D:\software\Git\usr\bin\vendor_perl;D:\software\Git\usr\bin\core_perl
10 verbose lifecycle web-minesweeping@1.0.0~build: CWD: D:\font-end\web-minesweeping
11 silly lifecycle web-minesweeping@1.0.0~build: Args: [ '/d /s /c', 'babel src -d lib' ]
12 silly lifecycle web-minesweeping@1.0.0~build: Returned: code: 2  signal: null
13 info lifecycle web-minesweeping@1.0.0~build: Failed to exec build script
14 verbose stack Error: web-minesweeping@1.0.0 build: `babel src -d lib`
14 verbose stack Exit status 2
14 verbose stack     at EventEmitter.<anonymous> (C:\Program Files\nodejs\node_modules\npm\lib\utils\lifecycle.js:255:16)
14 verbose stack     at emitTwo (events.js:106:13)
14 verbose stack     at EventEmitter.emit (events.js:191:7)
14 verbose stack     at ChildProcess.<anonymous> (C:\Program Files\nodejs\node_modules\npm\lib\utils\spawn.js:40:14)
14 verbose stack     at emitTwo (events.js:106:13)
14 verbose stack     at ChildProcess.emit (events.js:191:7)
14 verbose stack     at maybeClose (internal/child_process.js:886:16)
14 verbose stack     at Process.ChildProcess._handle.onexit (internal/child_process.js:226:5)
15 verbose pkgid web-minesweeping@1.0.0
16 verbose cwd D:\font-end\web-minesweeping
17 error Windows_NT 10.0.15063
18 error argv "C:\\Program Files\\nodejs\\node.exe" "C:\\Program Files\\nodejs\\node_modules\\npm\\bin\\npm-cli.js" "run" "build"
19 error node v6.10.3
20 error npm  v3.10.10
21 error code ELIFECYCLE
22 error web-minesweeping@1.0.0 build: `babel src -d lib`
22 error Exit status 2
23 error Failed at the web-minesweeping@1.0.0 build script 'babel src -d lib'.
23 error Make sure you have the latest version of node.js and npm installed.
23 error If you do, this is most likely a problem with the web-minesweeping package,
23 error not with npm itself.
23 error Tell the author that this fails on your system:
23 error     babel src -d lib
23 error You can get information on how to open an issue for this project with:
23 error     npm bugs web-minesweeping
23 error Or if that isn't available, you can get their info via:
23 error     npm owner ls web-minesweeping
23 error There is likely additional logging output above.
24 verbose exit [ 1, true ]
